<?xml version="1.0" encoding="UTF-8"?>
<robot generator="Robot 6.1.1 (Python 3.10.11 on win32)" generated="20231221 11:57:09.187" rpa="false" schemaversion="4">
<suite id="s1" name="Test-Suite-1" source="C:\Users\ADEM\Documents\tugas kuliah\UAS Testing QA\automation\basic-automation-main\project-demo\test-suite-1.robot">
<test id="s1-t1" name="testcase-1" line="24">
<kw name="Login Success">
<kw name="Open Browser" library="SeleniumLibrary">
<arg>${HOST}</arg>
<arg>${BROWSER}</arg>
<doc>Opens a new browser instance to the optional ``url``.</doc>
<msg timestamp="20231221 11:57:09.383" level="INFO">Opening browser 'headlesschrome' to base url 'http://localhost:8000'.</msg>
<status status="PASS" starttime="20231221 11:57:09.383" endtime="20231221 11:57:14.155"/>
</kw>
<kw name="Click Element" library="SeleniumLibrary">
<arg>xpath://a[@href='http://localhost:8000/login']</arg>
<doc>Click the element identified by ``locator``.</doc>
<msg timestamp="20231221 11:57:14.157" level="INFO">Clicking element 'xpath://a[@href='http://localhost:8000/login']'.</msg>
<status status="PASS" starttime="20231221 11:57:14.155" endtime="20231221 11:57:15.051"/>
</kw>
<kw name="Page Should Contain Element" library="SeleniumLibrary">
<arg>xpath://input[@name='email']</arg>
<doc>Verifies that element ``locator`` is found on the current page.</doc>
<msg timestamp="20231221 11:57:15.064" level="INFO">Current page contains element 'xpath://input[@name='email']'.</msg>
<status status="PASS" starttime="20231221 11:57:15.051" endtime="20231221 11:57:15.064"/>
</kw>
<kw name="Input Text" library="SeleniumLibrary">
<arg>name:email</arg>
<arg>${EMAIL}</arg>
<doc>Types the given ``text`` into the text field identified by ``locator``.</doc>
<msg timestamp="20231221 11:57:15.064" level="INFO">Typing text 'super@admin.com' into text field 'name:email'.</msg>
<status status="PASS" starttime="20231221 11:57:15.064" endtime="20231221 11:57:15.155"/>
</kw>
<kw name="Input Text" library="SeleniumLibrary">
<arg>name:password</arg>
<arg>${PASS-1}</arg>
<doc>Types the given ``text`` into the text field identified by ``locator``.</doc>
<msg timestamp="20231221 11:57:15.155" level="INFO">Typing text 'secret' into text field 'name:password'.</msg>
<status status="PASS" starttime="20231221 11:57:15.155" endtime="20231221 11:57:15.220"/>
</kw>
<kw name="Click Element" library="SeleniumLibrary">
<arg>xpath://button[@type='submit']</arg>
<doc>Click the element identified by ``locator``.</doc>
<msg timestamp="20231221 11:57:15.220" level="INFO">Clicking element 'xpath://button[@type='submit']'.</msg>
<status status="PASS" starttime="20231221 11:57:15.220" endtime="20231221 11:57:17.069"/>
</kw>
<status status="PASS" starttime="20231221 11:57:09.382" endtime="20231221 11:57:17.069"/>
</kw>
<kw name="Close Browser" library="SeleniumLibrary">
<doc>Closes the current browser.</doc>
<status status="PASS" starttime="20231221 11:57:17.070" endtime="20231221 11:57:19.157"/>
</kw>
<status status="PASS" starttime="20231221 11:57:09.382" endtime="20231221 11:57:19.158"/>
</test>
<test id="s1-t2" name="testcase-2" line="29">
<kw name="Open Browser" library="SeleniumLibrary">
<arg>${HOST}</arg>
<arg>${BROWSER}</arg>
<doc>Opens a new browser instance to the optional ``url``.</doc>
<msg timestamp="20231221 11:57:19.160" level="INFO">Opening browser 'headlesschrome' to base url 'http://localhost:8000'.</msg>
<status status="PASS" starttime="20231221 11:57:19.160" endtime="20231221 11:57:23.329"/>
</kw>
<kw name="Click Element" library="SeleniumLibrary">
<arg>xpath://a[@href='http://localhost:8000/login']</arg>
<doc>Click the element identified by ``locator``.</doc>
<msg timestamp="20231221 11:57:23.330" level="INFO">Clicking element 'xpath://a[@href='http://localhost:8000/login']'.</msg>
<status status="PASS" starttime="20231221 11:57:23.330" endtime="20231221 11:57:24.246"/>
</kw>
<kw name="Page Should Contain Element" library="SeleniumLibrary">
<arg>xpath://input[@name='email']</arg>
<doc>Verifies that element ``locator`` is found on the current page.</doc>
<msg timestamp="20231221 11:57:24.255" level="INFO">Current page contains element 'xpath://input[@name='email']'.</msg>
<status status="PASS" starttime="20231221 11:57:24.246" endtime="20231221 11:57:24.255"/>
</kw>
<kw name="Input Text" library="SeleniumLibrary">
<arg>name:email</arg>
<arg>${EMAIL}</arg>
<doc>Types the given ``text`` into the text field identified by ``locator``.</doc>
<msg timestamp="20231221 11:57:24.255" level="INFO">Typing text 'super@admin.com' into text field 'name:email'.</msg>
<status status="PASS" starttime="20231221 11:57:24.255" endtime="20231221 11:57:24.351"/>
</kw>
<kw name="Input Text" library="SeleniumLibrary">
<arg>name:password</arg>
<arg>${PASS-2}</arg>
<doc>Types the given ``text`` into the text field identified by ``locator``.</doc>
<msg timestamp="20231221 11:57:24.352" level="INFO">Typing text 'xxs12s2' into text field 'name:password'.</msg>
<status status="PASS" starttime="20231221 11:57:24.351" endtime="20231221 11:57:24.430"/>
</kw>
<kw name="Click Element" library="SeleniumLibrary">
<arg>xpath://button[@type='submit']</arg>
<doc>Click the element identified by ``locator``.</doc>
<msg timestamp="20231221 11:57:24.431" level="INFO">Clicking element 'xpath://button[@type='submit']'.</msg>
<status status="PASS" starttime="20231221 11:57:24.431" endtime="20231221 11:57:25.821"/>
</kw>
<kw name="Close Browser" library="SeleniumLibrary">
<doc>Closes the current browser.</doc>
<status status="PASS" starttime="20231221 11:57:25.821" endtime="20231221 11:57:27.957"/>
</kw>
<status status="PASS" starttime="20231221 11:57:19.159" endtime="20231221 11:57:27.957"/>
</test>
<test id="s1-t3" name="testcase-3" line="39">
<kw name="Login Success">
<kw name="Open Browser" library="SeleniumLibrary">
<arg>${HOST}</arg>
<arg>${BROWSER}</arg>
<doc>Opens a new browser instance to the optional ``url``.</doc>
<msg timestamp="20231221 11:57:27.961" level="INFO">Opening browser 'headlesschrome' to base url 'http://localhost:8000'.</msg>
<status status="PASS" starttime="20231221 11:57:27.960" endtime="20231221 11:57:32.423"/>
</kw>
<kw name="Click Element" library="SeleniumLibrary">
<arg>xpath://a[@href='http://localhost:8000/login']</arg>
<doc>Click the element identified by ``locator``.</doc>
<msg timestamp="20231221 11:57:32.424" level="INFO">Clicking element 'xpath://a[@href='http://localhost:8000/login']'.</msg>
<status status="PASS" starttime="20231221 11:57:32.423" endtime="20231221 11:57:33.326"/>
</kw>
<kw name="Page Should Contain Element" library="SeleniumLibrary">
<arg>xpath://input[@name='email']</arg>
<doc>Verifies that element ``locator`` is found on the current page.</doc>
<msg timestamp="20231221 11:57:33.339" level="INFO">Current page contains element 'xpath://input[@name='email']'.</msg>
<status status="PASS" starttime="20231221 11:57:33.327" endtime="20231221 11:57:33.339"/>
</kw>
<kw name="Input Text" library="SeleniumLibrary">
<arg>name:email</arg>
<arg>${EMAIL}</arg>
<doc>Types the given ``text`` into the text field identified by ``locator``.</doc>
<msg timestamp="20231221 11:57:33.339" level="INFO">Typing text 'super@admin.com' into text field 'name:email'.</msg>
<status status="PASS" starttime="20231221 11:57:33.339" endtime="20231221 11:57:33.414"/>
</kw>
<kw name="Input Text" library="SeleniumLibrary">
<arg>name:password</arg>
<arg>${PASS-1}</arg>
<doc>Types the given ``text`` into the text field identified by ``locator``.</doc>
<msg timestamp="20231221 11:57:33.415" level="INFO">Typing text 'secret' into text field 'name:password'.</msg>
<status status="PASS" starttime="20231221 11:57:33.414" endtime="20231221 11:57:33.474"/>
</kw>
<kw name="Click Element" library="SeleniumLibrary">
<arg>xpath://button[@type='submit']</arg>
<doc>Click the element identified by ``locator``.</doc>
<msg timestamp="20231221 11:57:33.475" level="INFO">Clicking element 'xpath://button[@type='submit']'.</msg>
<status status="PASS" starttime="20231221 11:57:33.474" endtime="20231221 11:57:35.360"/>
</kw>
<status status="PASS" starttime="20231221 11:57:27.960" endtime="20231221 11:57:35.360"/>
</kw>
<kw name="Click Element" library="SeleniumLibrary">
<arg>xpath://button[@id='user-menu-button']</arg>
<doc>Click the element identified by ``locator``.</doc>
<msg timestamp="20231221 11:57:35.361" level="INFO">Clicking element 'xpath://button[@id='user-menu-button']'.</msg>
<status status="PASS" starttime="20231221 11:57:35.361" endtime="20231221 11:57:35.416"/>
</kw>
<kw name="Click Element" library="SeleniumLibrary">
<arg>xpath://a[@href='http://localhost:8000/logout']</arg>
<doc>Click the element identified by ``locator``.</doc>
<msg timestamp="20231221 11:57:35.417" level="INFO">Clicking element 'xpath://a[@href='http://localhost:8000/logout']'.</msg>
<status status="PASS" starttime="20231221 11:57:35.416" endtime="20231221 11:57:36.685"/>
</kw>
<kw name="Page Should Contain Element" library="SeleniumLibrary">
<arg>xpath://a[@href='http://localhost:8000/login']</arg>
<doc>Verifies that element ``locator`` is found on the current page.</doc>
<msg timestamp="20231221 11:57:36.702" level="INFO">Current page contains element 'xpath://a[@href='http://localhost:8000/login']'.</msg>
<status status="PASS" starttime="20231221 11:57:36.685" endtime="20231221 11:57:36.703"/>
</kw>
<kw name="Close Browser" library="SeleniumLibrary">
<doc>Closes the current browser.</doc>
<status status="PASS" starttime="20231221 11:57:36.703" endtime="20231221 11:57:38.811"/>
</kw>
<status status="PASS" starttime="20231221 11:57:27.960" endtime="20231221 11:57:38.812"/>
</test>
<test id="s1-t4" name="testcase-4" line="47">
<kw name="Login Success">
<kw name="Open Browser" library="SeleniumLibrary">
<arg>${HOST}</arg>
<arg>${BROWSER}</arg>
<doc>Opens a new browser instance to the optional ``url``.</doc>
<msg timestamp="20231221 11:57:38.814" level="INFO">Opening browser 'headlesschrome' to base url 'http://localhost:8000'.</msg>
<status status="PASS" starttime="20231221 11:57:38.814" endtime="20231221 11:57:43.279"/>
</kw>
<kw name="Click Element" library="SeleniumLibrary">
<arg>xpath://a[@href='http://localhost:8000/login']</arg>
<doc>Click the element identified by ``locator``.</doc>
<msg timestamp="20231221 11:57:43.280" level="INFO">Clicking element 'xpath://a[@href='http://localhost:8000/login']'.</msg>
<status status="PASS" starttime="20231221 11:57:43.279" endtime="20231221 11:57:44.172"/>
</kw>
<kw name="Page Should Contain Element" library="SeleniumLibrary">
<arg>xpath://input[@name='email']</arg>
<doc>Verifies that element ``locator`` is found on the current page.</doc>
<msg timestamp="20231221 11:57:44.186" level="INFO">Current page contains element 'xpath://input[@name='email']'.</msg>
<status status="PASS" starttime="20231221 11:57:44.172" endtime="20231221 11:57:44.186"/>
</kw>
<kw name="Input Text" library="SeleniumLibrary">
<arg>name:email</arg>
<arg>${EMAIL}</arg>
<doc>Types the given ``text`` into the text field identified by ``locator``.</doc>
<msg timestamp="20231221 11:57:44.186" level="INFO">Typing text 'super@admin.com' into text field 'name:email'.</msg>
<status status="PASS" starttime="20231221 11:57:44.186" endtime="20231221 11:57:44.260"/>
</kw>
<kw name="Input Text" library="SeleniumLibrary">
<arg>name:password</arg>
<arg>${PASS-1}</arg>
<doc>Types the given ``text`` into the text field identified by ``locator``.</doc>
<msg timestamp="20231221 11:57:44.261" level="INFO">Typing text 'secret' into text field 'name:password'.</msg>
<status status="PASS" starttime="20231221 11:57:44.260" endtime="20231221 11:57:44.322"/>
</kw>
<kw name="Click Element" library="SeleniumLibrary">
<arg>xpath://button[@type='submit']</arg>
<doc>Click the element identified by ``locator``.</doc>
<msg timestamp="20231221 11:57:44.323" level="INFO">Clicking element 'xpath://button[@type='submit']'.</msg>
<status status="PASS" starttime="20231221 11:57:44.323" endtime="20231221 11:57:45.941"/>
</kw>
<status status="PASS" starttime="20231221 11:57:38.814" endtime="20231221 11:57:45.941"/>
</kw>
<kw name="Click Element" library="SeleniumLibrary">
<arg>xpath://a[@href='http://localhost:8000/posts']</arg>
<doc>Click the element identified by ``locator``.</doc>
<msg timestamp="20231221 11:57:45.942" level="INFO">Clicking element 'xpath://a[@href='http://localhost:8000/posts']'.</msg>
<status status="PASS" starttime="20231221 11:57:45.942" endtime="20231221 11:57:48.730"/>
</kw>
<kw name="Scroll Down Until End">
<kw name="Execute Javascript" library="SeleniumLibrary">
<var>${previous_height}</var>
<arg>return document.body.scrollHeight;</arg>
<doc>Executes the given JavaScript code with possible arguments.</doc>
<msg timestamp="20231221 11:57:48.731" level="INFO">Executing JavaScript:
return document.body.scrollHeight;
Without any arguments.</msg>
<msg timestamp="20231221 11:57:48.735" level="INFO">${previous_height} = 5240</msg>
<status status="PASS" starttime="20231221 11:57:48.731" endtime="20231221 11:57:48.735"/>
</kw>
<for flavor="IN RANGE">
<var>${i}</var>
<value>10</value>
<iter>
<var name="${i}">0</var>
<kw name="Execute Javascript" library="SeleniumLibrary">
<arg>window.scrollTo(0, document.body.scrollHeight);</arg>
<doc>Executes the given JavaScript code with possible arguments.</doc>
<msg timestamp="20231221 11:57:48.736" level="INFO">Executing JavaScript:
window.scrollTo(0, document.body.scrollHeight);
Without any arguments.</msg>
<status status="PASS" starttime="20231221 11:57:48.736" endtime="20231221 11:57:48.743"/>
</kw>
<kw name="Sleep" library="BuiltIn">
<arg>1s</arg>
<doc>Pauses the test executed for the given time.</doc>
<msg timestamp="20231221 11:57:49.759" level="INFO">Slept 1 second</msg>
<status status="PASS" starttime="20231221 11:57:48.743" endtime="20231221 11:57:49.759"/>
</kw>
<kw name="Execute Javascript" library="SeleniumLibrary">
<var>${current_height}</var>
<arg>return document.body.scrollHeight;</arg>
<doc>Executes the given JavaScript code with possible arguments.</doc>
<msg timestamp="20231221 11:57:49.760" level="INFO">Executing JavaScript:
return document.body.scrollHeight;
Without any arguments.</msg>
<msg timestamp="20231221 11:57:49.768" level="INFO">${current_height} = 5240</msg>
<status status="PASS" starttime="20231221 11:57:49.759" endtime="20231221 11:57:49.768"/>
</kw>
<kw name="Exit For Loop If" library="BuiltIn">
<arg>'${current_height}' == '${previous_height}'</arg>
<doc>Stops executing the enclosing FOR loop if the ``condition`` is true.</doc>
<msg timestamp="20231221 11:57:49.769" level="INFO">Exiting for loop altogether.</msg>
<status status="PASS" starttime="20231221 11:57:49.768" endtime="20231221 11:57:49.769"/>
</kw>
<kw name="Set Variable" library="BuiltIn">
<var>${previous_height}</var>
<arg>${current_height}</arg>
<doc>Returns the given values which can then be assigned to a variables.</doc>
<status status="NOT RUN" starttime="20231221 11:57:49.769" endtime="20231221 11:57:49.769"/>
</kw>
<kw name="Sleep" library="BuiltIn">
<arg>2s</arg>
<doc>Pauses the test executed for the given time.</doc>
<status status="NOT RUN" starttime="20231221 11:57:49.769" endtime="20231221 11:57:49.769"/>
</kw>
<status status="PASS" starttime="20231221 11:57:48.735" endtime="20231221 11:57:49.769"/>
</iter>
<status status="PASS" starttime="20231221 11:57:48.735" endtime="20231221 11:57:49.769"/>
</for>
<status status="PASS" starttime="20231221 11:57:48.731" endtime="20231221 11:57:49.769"/>
</kw>
<kw name="Close Browser" library="SeleniumLibrary">
<doc>Closes the current browser.</doc>
<status status="PASS" starttime="20231221 11:57:49.770" endtime="20231221 11:57:51.861"/>
</kw>
<status status="PASS" starttime="20231221 11:57:38.813" endtime="20231221 11:57:51.862"/>
</test>
<status status="PASS" starttime="20231221 11:57:09.188" endtime="20231221 11:57:51.864"/>
</suite>
<statistics>
<total>
<stat pass="4" fail="0" skip="0">All Tests</stat>
</total>
<tag>
</tag>
<suite>
<stat pass="4" fail="0" skip="0" id="s1" name="Test-Suite-1">Test-Suite-1</stat>
</suite>
</statistics>
<errors>
</errors>
</robot>
